This is pdfTeX, Version 3.141592653-2.6-1.40.25 (MiKTeX 23.10) (preloaded format=pdflatex 2023.10.28)  9 SEP 2024 14:58
entering extended mode
 restricted \write18 enabled.
 file:line:error style messages enabled.
 %&-line parsing enabled.
**"c:/Users/teoso/OneDrive/Documents/Asisten Dosen & Lab/Asisten Laboratorium/A
lpro 1/PPT/Introduction Java/Intro Java.tex"

(c:/Users/teoso/OneDrive/Documents/Asisten Dosen & Lab/Asisten Laboratorium/Alp
ro 1/PPT/Introduction Java/Intro Java.tex
LaTeX2e <2023-06-01> patch level 1
L3 programming layer <2023-08-29>
(C:\Users\teoso\AppData\Local\Programs\MiKTeX\tex/latex/beamer\beamer.cls
Document Class: beamer 2024/01/06 v3.71 A class for typesetting presentations

(C:\Users\teoso\AppData\Local\Programs\MiKTeX\tex/latex/beamer\beamerbasemodes.
sty
(C:\Users\teoso\AppData\Local\Programs\MiKTeX\tex/latex/etoolbox\etoolbox.sty
Package: etoolbox 2020/10/05 v2.5k e-TeX tools for LaTeX (JAW)
\etb@tempcnta=\count185
)
\beamer@tempbox=\box51
\beamer@tempcount=\count186
\c@beamerpauses=\count187

(C:\Users\teoso\AppData\Local\Programs\MiKTeX\tex/latex/beamer\beamerbasedecode
.sty
\beamer@slideinframe=\count188
\beamer@minimum=\count189
\beamer@decode@box=\box52
)
\beamer@commentbox=\box53
\beamer@modecount=\count190
)
(C:\Users\teoso\AppData\Local\Programs\MiKTeX\tex/generic/iftex\iftex.sty
Package: iftex 2022/02/03 v1.0f TeX engine tests
)
\headdp=\dimen140
\footheight=\dimen141
\sidebarheight=\dimen142
\beamer@tempdim=\dimen143
\beamer@finalheight=\dimen144
\beamer@animht=\dimen145
\beamer@animdp=\dimen146
\beamer@animwd=\dimen147
\beamer@leftmargin=\dimen148
\beamer@rightmargin=\dimen149
\beamer@leftsidebar=\dimen150
\beamer@rightsidebar=\dimen151
\beamer@boxsize=\dimen152
\beamer@vboxoffset=\dimen153
\beamer@descdefault=\dimen154
\beamer@descriptionwidth=\dimen155
\beamer@lastskip=\skip48
\beamer@areabox=\box54
\beamer@animcurrent=\box55
\beamer@animshowbox=\box56
\beamer@sectionbox=\box57
\beamer@logobox=\box58
\beamer@linebox=\box59
\beamer@sectioncount=\count191
\beamer@subsubsectionmax=\count192
\beamer@subsectionmax=\count193
\beamer@sectionmax=\count194
\beamer@totalheads=\count195
\beamer@headcounter=\count196
\beamer@partstartpage=\count197
\beamer@sectionstartpage=\count198
\beamer@subsectionstartpage=\count199
\beamer@animationtempa=\count266
\beamer@animationtempb=\count267
\beamer@xpos=\count268
\beamer@ypos=\count269
\beamer@ypos@offset=\count270
\beamer@showpartnumber=\count271
\beamer@currentsubsection=\count272
\beamer@coveringdepth=\count273
\beamer@sectionadjust=\count274
\beamer@toclastsection=\count275
\beamer@tocsectionnumber=\count276

(C:\Users\teoso\AppData\Local\Programs\MiKTeX\tex/latex/beamer\beamerbaseoption
s.sty
(C:\Users\teoso\AppData\Local\Programs\MiKTeX\tex/latex/graphics\keyval.sty
Package: keyval 2022/05/29 v1.15 key=value parser (DPC)
\KV@toks@=\toks17
))
\beamer@paperwidth=\skip49
\beamer@paperheight=\skip50

(C:\Users\teoso\AppData\Local\Programs\MiKTeX\tex/latex/geometry\geometry.sty
Package: geometry 2020/01/02 v5.9 Page Geometry

(C:\Users\teoso\AppData\Local\Programs\MiKTeX\tex/generic/iftex\ifvtex.sty
Package: ifvtex 2019/10/25 v1.7 ifvtex legacy package. Use iftex instead.
)
\Gm@cnth=\count277
\Gm@cntv=\count278
\c@Gm@tempcnt=\count279
\Gm@bindingoffset=\dimen156
\Gm@wd@mp=\dimen157
\Gm@odd@mp=\dimen158
\Gm@even@mp=\dimen159
\Gm@layoutwidth=\dimen160
\Gm@layoutheight=\dimen161
\Gm@layouthoffset=\dimen162
\Gm@layoutvoffset=\dimen163
\Gm@dimlist=\toks18

(C:\Users\teoso\AppData\Local\Programs\MiKTeX\tex/latex/geometry\geometry.cfg))
(C:\Users\teoso\AppData\Local\Programs\MiKTeX\tex/latex/pgf/math\pgfmath.sty
(C:\Users\teoso\AppData\Local\Programs\MiKTeX\tex/latex/pgf/utilities\pgfrcs.st
y
(C:\Users\teoso\AppData\Local\Programs\MiKTeX\tex/generic/pgf/utilities\pgfutil
-common.tex
\pgfutil@everybye=\toks19
\pgfutil@tempdima=\dimen164
\pgfutil@tempdimb=\dimen165
)
(C:\Users\teoso\AppData\Local\Programs\MiKTeX\tex/generic/pgf/utilities\pgfutil
-latex.def
\pgfutil@abb=\box60
)
(C:\Users\teoso\AppData\Local\Programs\MiKTeX\tex/generic/pgf/utilities\pgfrcs.
code.tex
(C:\Users\teoso\AppData\Local\Programs\MiKTeX\tex/generic/pgf\pgf.revision.tex)
Package: pgfrcs 2023-01-15 v3.1.10 (3.1.10)
))
(C:\Users\teoso\AppData\Local\Programs\MiKTeX\tex/latex/pgf/utilities\pgfkeys.s
ty
(C:\Users\teoso\AppData\Local\Programs\MiKTeX\tex/generic/pgf/utilities\pgfkeys
.code.tex
\pgfkeys@pathtoks=\toks20
\pgfkeys@temptoks=\toks21

(C:\Users\teoso\AppData\Local\Programs\MiKTeX\tex/generic/pgf/utilities\pgfkeys
libraryfiltered.code.tex
\pgfkeys@tmptoks=\toks22
)))
(C:\Users\teoso\AppData\Local\Programs\MiKTeX\tex/generic/pgf/math\pgfmath.code
.tex
(C:\Users\teoso\AppData\Local\Programs\MiKTeX\tex/generic/pgf/math\pgfmathutil.
code.tex
\pgf@x=\dimen166
\pgf@xa=\dimen167
\pgf@xb=\dimen168
\pgf@xc=\dimen169
\pgf@y=\dimen170
\pgf@ya=\dimen171
\pgf@yb=\dimen172
\pgf@yc=\dimen173
\c@pgf@counta=\count280
\c@pgf@countb=\count281
\c@pgf@countc=\count282
\c@pgf@countd=\count283
)
(C:\Users\teoso\AppData\Local\Programs\MiKTeX\tex/generic/pgf/math\pgfmathparse
r.code.tex
\pgfmath@dimen=\dimen174
\pgfmath@count=\count284
\pgfmath@box=\box61
\pgfmath@toks=\toks23
\pgfmath@stack@operand=\toks24
\pgfmath@stack@operation=\toks25
)
(C:\Users\teoso\AppData\Local\Programs\MiKTeX\tex/generic/pgf/math\pgfmathfunct
ions.code.tex)
(C:\Users\teoso\AppData\Local\Programs\MiKTeX\tex/generic/pgf/math\pgfmathfunct
ions.basic.code.tex)
(C:\Users\teoso\AppData\Local\Programs\MiKTeX\tex/generic/pgf/math\pgfmathfunct
ions.trigonometric.code.tex)
(C:\Users\teoso\AppData\Local\Programs\MiKTeX\tex/generic/pgf/math\pgfmathfunct
ions.random.code.tex)
(C:\Users\teoso\AppData\Local\Programs\MiKTeX\tex/generic/pgf/math\pgfmathfunct
ions.comparison.code.tex)
(C:\Users\teoso\AppData\Local\Programs\MiKTeX\tex/generic/pgf/math\pgfmathfunct
ions.base.code.tex)
(C:\Users\teoso\AppData\Local\Programs\MiKTeX\tex/generic/pgf/math\pgfmathfunct
ions.round.code.tex)
(C:\Users\teoso\AppData\Local\Programs\MiKTeX\tex/generic/pgf/math\pgfmathfunct
ions.misc.code.tex)
(C:\Users\teoso\AppData\Local\Programs\MiKTeX\tex/generic/pgf/math\pgfmathfunct
ions.integerarithmetics.code.tex)
(C:\Users\teoso\AppData\Local\Programs\MiKTeX\tex/generic/pgf/math\pgfmathcalc.
code.tex)
(C:\Users\teoso\AppData\Local\Programs\MiKTeX\tex/generic/pgf/math\pgfmathfloat
.code.tex
\c@pgfmathroundto@lastzeros=\count285
)))
(C:\Users\teoso\AppData\Local\Programs\MiKTeX\tex/latex/base\size11.clo
File: size11.clo 2023/05/17 v1.4n Standard LaTeX file (size option)
)
(C:\Users\teoso\AppData\Local\Programs\MiKTeX\tex/latex/pgf/basiclayer\pgfcore.
sty
(C:\Users\teoso\AppData\Local\Programs\MiKTeX\tex/latex/graphics\graphicx.sty
Package: graphicx 2021/09/16 v1.2d Enhanced LaTeX Graphics (DPC,SPQR)

(C:\Users\teoso\AppData\Local\Programs\MiKTeX\tex/latex/graphics\graphics.sty
Package: graphics 2022/03/10 v1.4e Standard LaTeX Graphics (DPC,SPQR)

(C:\Users\teoso\AppData\Local\Programs\MiKTeX\tex/latex/graphics\trig.sty
Package: trig 2021/08/11 v1.11 sin cos tan (DPC)
)
(C:\Users\teoso\AppData\Local\Programs\MiKTeX\tex/latex/graphics-cfg\graphics.c
fg
File: graphics.cfg 2016/06/04 v1.11 sample graphics configuration
)
Package graphics Info: Driver file: pdftex.def on input line 107.

(C:\Users\teoso\AppData\Local\Programs\MiKTeX\tex/latex/graphics-def\pdftex.def
File: pdftex.def 2022/09/22 v1.2b Graphics/color driver for pdftex
))
\Gin@req@height=\dimen175
\Gin@req@width=\dimen176
)
(C:\Users\teoso\AppData\Local\Programs\MiKTeX\tex/latex/pgf/systemlayer\pgfsys.
sty
(C:\Users\teoso\AppData\Local\Programs\MiKTeX\tex/generic/pgf/systemlayer\pgfsy
s.code.tex
Package: pgfsys 2023-01-15 v3.1.10 (3.1.10)
\pgf@x=\dimen177
\pgf@y=\dimen178
\pgf@xa=\dimen179
\pgf@ya=\dimen180
\pgf@xb=\dimen181
\pgf@yb=\dimen182
\pgf@xc=\dimen183
\pgf@yc=\dimen184
\pgf@xd=\dimen185
\pgf@yd=\dimen186
\w@pgf@writea=\write3
\r@pgf@reada=\read2
\c@pgf@counta=\count286
\c@pgf@countb=\count287
\c@pgf@countc=\count288
\c@pgf@countd=\count289
\t@pgf@toka=\toks26
\t@pgf@tokb=\toks27
\t@pgf@tokc=\toks28
\pgf@sys@id@count=\count290

(C:\Users\teoso\AppData\Local\Programs\MiKTeX\tex/generic/pgf/systemlayer\pgf.c
fg
File: pgf.cfg 2023-01-15 v3.1.10 (3.1.10)
)
Driver file for pgf: pgfsys-pdftex.def

(C:\Users\teoso\AppData\Local\Programs\MiKTeX\tex/generic/pgf/systemlayer\pgfsy
s-pdftex.def
File: pgfsys-pdftex.def 2023-01-15 v3.1.10 (3.1.10)

(C:\Users\teoso\AppData\Local\Programs\MiKTeX\tex/generic/pgf/systemlayer\pgfsy
s-common-pdf.def
File: pgfsys-common-pdf.def 2023-01-15 v3.1.10 (3.1.10)
)))
(C:\Users\teoso\AppData\Local\Programs\MiKTeX\tex/generic/pgf/systemlayer\pgfsy
ssoftpath.code.tex
File: pgfsyssoftpath.code.tex 2023-01-15 v3.1.10 (3.1.10)
\pgfsyssoftpath@smallbuffer@items=\count291
\pgfsyssoftpath@bigbuffer@items=\count292
)
(C:\Users\teoso\AppData\Local\Programs\MiKTeX\tex/generic/pgf/systemlayer\pgfsy
sprotocol.code.tex
File: pgfsysprotocol.code.tex 2023-01-15 v3.1.10 (3.1.10)
))
(C:\Users\teoso\AppData\Local\Programs\MiKTeX\tex/latex/xcolor\xcolor.sty
Package: xcolor 2022/06/12 v2.14 LaTeX color extensions (UK)

(C:\Users\teoso\AppData\Local\Programs\MiKTeX\tex/latex/graphics-cfg\color.cfg
File: color.cfg 2016/01/02 v1.6 sample color configuration
)
Package xcolor Info: Driver file: pdftex.def on input line 227.
(C:\Users\teoso\AppData\Local\Programs\MiKTeX\tex/latex/graphics\mathcolor.ltx)
Package xcolor Info: Model `cmy' substituted by `cmy0' on input line 1353.
Package xcolor Info: Model `hsb' substituted by `rgb' on input line 1357.
Package xcolor Info: Model `RGB' extended on input line 1369.
Package xcolor Info: Model `HTML' substituted by `rgb' on input line 1371.
Package xcolor Info: Model `Hsb' substituted by `hsb' on input line 1372.
Package xcolor Info: Model `tHsb' substituted by `hsb' on input line 1373.
Package xcolor Info: Model `HSB' substituted by `hsb' on input line 1374.
Package xcolor Info: Model `Gray' substituted by `gray' on input line 1375.
Package xcolor Info: Model `wave' substituted by `hsb' on input line 1376.
)
(C:\Users\teoso\AppData\Local\Programs\MiKTeX\tex/generic/pgf/basiclayer\pgfcor
e.code.tex
Package: pgfcore 2023-01-15 v3.1.10 (3.1.10)

(C:\Users\teoso\AppData\Local\Programs\MiKTeX\tex/generic/pgf/math\pgfint.code.
tex)
(C:\Users\teoso\AppData\Local\Programs\MiKTeX\tex/generic/pgf/basiclayer\pgfcor
epoints.code.tex
File: pgfcorepoints.code.tex 2023-01-15 v3.1.10 (3.1.10)
\pgf@picminx=\dimen187
\pgf@picmaxx=\dimen188
\pgf@picminy=\dimen189
\pgf@picmaxy=\dimen190
\pgf@pathminx=\dimen191
\pgf@pathmaxx=\dimen192
\pgf@pathminy=\dimen193
\pgf@pathmaxy=\dimen194
\pgf@xx=\dimen195
\pgf@xy=\dimen196
\pgf@yx=\dimen197
\pgf@yy=\dimen198
\pgf@zx=\dimen199
\pgf@zy=\dimen256
)
(C:\Users\teoso\AppData\Local\Programs\MiKTeX\tex/generic/pgf/basiclayer\pgfcor
epathconstruct.code.tex
File: pgfcorepathconstruct.code.tex 2023-01-15 v3.1.10 (3.1.10)
\pgf@path@lastx=\dimen257
\pgf@path@lasty=\dimen258
)
(C:\Users\teoso\AppData\Local\Programs\MiKTeX\tex/generic/pgf/basiclayer\pgfcor
epathusage.code.tex
File: pgfcorepathusage.code.tex 2023-01-15 v3.1.10 (3.1.10)
\pgf@shorten@end@additional=\dimen259
\pgf@shorten@start@additional=\dimen260
)
(C:\Users\teoso\AppData\Local\Programs\MiKTeX\tex/generic/pgf/basiclayer\pgfcor
escopes.code.tex
File: pgfcorescopes.code.tex 2023-01-15 v3.1.10 (3.1.10)
\pgfpic=\box62
\pgf@hbox=\box63
\pgf@layerbox@main=\box64
\pgf@picture@serial@count=\count293
)
(C:\Users\teoso\AppData\Local\Programs\MiKTeX\tex/generic/pgf/basiclayer\pgfcor
egraphicstate.code.tex
File: pgfcoregraphicstate.code.tex 2023-01-15 v3.1.10 (3.1.10)
\pgflinewidth=\dimen261
)
(C:\Users\teoso\AppData\Local\Programs\MiKTeX\tex/generic/pgf/basiclayer\pgfcor
etransformations.code.tex
File: pgfcoretransformations.code.tex 2023-01-15 v3.1.10 (3.1.10)
\pgf@pt@x=\dimen262
\pgf@pt@y=\dimen263
\pgf@pt@temp=\dimen264
)
(C:\Users\teoso\AppData\Local\Programs\MiKTeX\tex/generic/pgf/basiclayer\pgfcor
equick.code.tex
File: pgfcorequick.code.tex 2023-01-15 v3.1.10 (3.1.10)
)
(C:\Users\teoso\AppData\Local\Programs\MiKTeX\tex/generic/pgf/basiclayer\pgfcor
eobjects.code.tex
File: pgfcoreobjects.code.tex 2023-01-15 v3.1.10 (3.1.10)
)
(C:\Users\teoso\AppData\Local\Programs\MiKTeX\tex/generic/pgf/basiclayer\pgfcor
epathprocessing.code.tex
File: pgfcorepathprocessing.code.tex 2023-01-15 v3.1.10 (3.1.10)
)
(C:\Users\teoso\AppData\Local\Programs\MiKTeX\tex/generic/pgf/basiclayer\pgfcor
earrows.code.tex
File: pgfcorearrows.code.tex 2023-01-15 v3.1.10 (3.1.10)
\pgfarrowsep=\dimen265
)
(C:\Users\teoso\AppData\Local\Programs\MiKTeX\tex/generic/pgf/basiclayer\pgfcor
eshade.code.tex
File: pgfcoreshade.code.tex 2023-01-15 v3.1.10 (3.1.10)
\pgf@max=\dimen266
\pgf@sys@shading@range@num=\count294
\pgf@shadingcount=\count295
)
(C:\Users\teoso\AppData\Local\Programs\MiKTeX\tex/generic/pgf/basiclayer\pgfcor
eimage.code.tex
File: pgfcoreimage.code.tex 2023-01-15 v3.1.10 (3.1.10)
)
(C:\Users\teoso\AppData\Local\Programs\MiKTeX\tex/generic/pgf/basiclayer\pgfcor
eexternal.code.tex
File: pgfcoreexternal.code.tex 2023-01-15 v3.1.10 (3.1.10)
\pgfexternal@startupbox=\box65
)
(C:\Users\teoso\AppData\Local\Programs\MiKTeX\tex/generic/pgf/basiclayer\pgfcor
elayers.code.tex
File: pgfcorelayers.code.tex 2023-01-15 v3.1.10 (3.1.10)
)
(C:\Users\teoso\AppData\Local\Programs\MiKTeX\tex/generic/pgf/basiclayer\pgfcor
etransparency.code.tex
File: pgfcoretransparency.code.tex 2023-01-15 v3.1.10 (3.1.10)
)
(C:\Users\teoso\AppData\Local\Programs\MiKTeX\tex/generic/pgf/basiclayer\pgfcor
epatterns.code.tex
File: pgfcorepatterns.code.tex 2023-01-15 v3.1.10 (3.1.10)
)
(C:\Users\teoso\AppData\Local\Programs\MiKTeX\tex/generic/pgf/basiclayer\pgfcor
erdf.code.tex
File: pgfcorerdf.code.tex 2023-01-15 v3.1.10 (3.1.10)
)))
(C:\Users\teoso\AppData\Local\Programs\MiKTeX\tex/latex/pgf/utilities\xxcolor.s
ty
Package: xxcolor 2003/10/24 ver 0.1
\XC@nummixins=\count296
\XC@countmixins=\count297
)
(C:\Users\teoso\AppData\Local\Programs\MiKTeX\tex/latex/base\atbegshi-ltx.sty
Package: atbegshi-ltx 2021/01/10 v1.0c Emulation of the original atbegshi
package with kernel methods
)
(C:\Users\teoso\AppData\Local\Programs\MiKTeX\tex/latex/hyperref\hyperref.sty
Package: hyperref 2023-07-08 v7.01b Hypertext links for LaTeX

(C:\Users\teoso\AppData\Local\Programs\MiKTeX\tex/generic/ltxcmds\ltxcmds.sty
Package: ltxcmds 2023-12-04 v1.26 LaTeX kernel commands for general use (HO)
)
(C:\Users\teoso\AppData\Local\Programs\MiKTeX\tex/generic/pdftexcmds\pdftexcmds
.sty
Package: pdftexcmds 2020-06-27 v0.33 Utility functions of pdfTeX for LuaTeX (HO
)

(C:\Users\teoso\AppData\Local\Programs\MiKTeX\tex/generic/infwarerr\infwarerr.s
ty
Package: infwarerr 2019/12/03 v1.5 Providing info/warning/error messages (HO)
)
Package pdftexcmds Info: \pdf@primitive is available.
Package pdftexcmds Info: \pdf@ifprimitive is available.
Package pdftexcmds Info: \pdfdraftmode found.
)
(C:\Users\teoso\AppData\Local\Programs\MiKTeX\tex/latex/kvsetkeys\kvsetkeys.sty
Package: kvsetkeys 2022-10-05 v1.19 Key value parser (HO)
)
(C:\Users\teoso\AppData\Local\Programs\MiKTeX\tex/generic/kvdefinekeys\kvdefine
keys.sty
Package: kvdefinekeys 2019-12-19 v1.6 Define keys (HO)
)
(C:\Users\teoso\AppData\Local\Programs\MiKTeX\tex/generic/pdfescape\pdfescape.s
ty
Package: pdfescape 2019/12/09 v1.15 Implements pdfTeX's escape features (HO)
) (C:\Users\teoso\AppData\Local\Programs\MiKTeX\tex/latex/hycolor\hycolor.sty
Package: hycolor 2020-01-27 v1.10 Color options for hyperref/bookmark (HO)
)
(C:\Users\teoso\AppData\Local\Programs\MiKTeX\tex/latex/letltxmacro\letltxmacro
.sty
Package: letltxmacro 2019/12/03 v1.6 Let assignment for LaTeX macros (HO)
)
(C:\Users\teoso\AppData\Local\Programs\MiKTeX\tex/latex/auxhook\auxhook.sty
Package: auxhook 2019-12-17 v1.6 Hooks for auxiliary files (HO)
)
(C:\Users\teoso\AppData\Local\Programs\MiKTeX\tex/latex/hyperref\nameref.sty
Package: nameref 2023-08-07 v2.53 Cross-referencing by name of section

(C:\Users\teoso\AppData\Local\Programs\MiKTeX\tex/latex/refcount\refcount.sty
Package: refcount 2019/12/15 v3.6 Data extraction from label references (HO)
)
(C:\Users\teoso\AppData\Local\Programs\MiKTeX\tex/generic/gettitlestring\gettit
lestring.sty
Package: gettitlestring 2019/12/15 v1.6 Cleanup title references (HO)

(C:\Users\teoso\AppData\Local\Programs\MiKTeX\tex/latex/kvoptions\kvoptions.sty
Package: kvoptions 2022-06-15 v3.15 Key value format for package options (HO)
))
\c@section@level=\count298
)
\@linkdim=\dimen267
\Hy@linkcounter=\count299
\Hy@pagecounter=\count300
 (C:\Users\teoso\AppData\Local\Programs\MiKTeX\tex/latex/hyperref\pd1enc.def
File: pd1enc.def 2023-07-08 v7.01b Hyperref: PDFDocEncoding definition (HO)
Now handling font encoding PD1 ...
... no UTF-8 mapping file for font encoding PD1
) (C:\Users\teoso\AppData\Local\Programs\MiKTeX\tex/generic/intcalc\intcalc.sty
Package: intcalc 2019/12/15 v1.3 Expandable calculations with integers (HO)
)
\Hy@SavedSpaceFactor=\count301
 (C:\Users\teoso\AppData\Local\Programs\MiKTeX\tex/latex/hyperref\puenc.def
File: puenc.def 2023-07-08 v7.01b Hyperref: PDF Unicode definition (HO)
Now handling font encoding PU ...
... no UTF-8 mapping file for font encoding PU
)
Package hyperref Info: Option `bookmarks' set `true' on input line 4050.
Package hyperref Info: Option `bookmarksopen' set `true' on input line 4050.
Package hyperref Info: Option `implicit' set `false' on input line 4050.
Package hyperref Info: Hyper figures OFF on input line 4167.
Package hyperref Info: Link nesting OFF on input line 4172.
Package hyperref Info: Hyper index ON on input line 4175.
Package hyperref Info: Plain pages OFF on input line 4182.
Package hyperref Info: Backreferencing OFF on input line 4187.
Package hyperref Info: Implicit mode OFF; no redefinition of LaTeX internals.
Package hyperref Info: Bookmarks ON on input line 4434.
\c@Hy@tempcnt=\count302

(C:\Users\teoso\AppData\Local\Programs\MiKTeX\tex/latex/url\url.sty
\Urlmuskip=\muskip16
Package: url 2013/09/16  ver 3.4  Verb mode for urls, etc.
)
LaTeX Info: Redefining \url on input line 4772.
\XeTeXLinkMargin=\dimen268

(C:\Users\teoso\AppData\Local\Programs\MiKTeX\tex/generic/bitset\bitset.sty
Package: bitset 2019/12/09 v1.3 Handle bit-vector datatype (HO)

(C:\Users\teoso\AppData\Local\Programs\MiKTeX\tex/generic/bigintcalc\bigintcalc
.sty
Package: bigintcalc 2019/12/15 v1.5 Expandable calculations on big integers (HO
)
))
\Fld@menulength=\count303
\Field@Width=\dimen269
\Fld@charsize=\dimen270
Package hyperref Info: Hyper figures OFF on input line 6051.
Package hyperref Info: Link nesting OFF on input line 6056.
Package hyperref Info: Hyper index ON on input line 6059.
Package hyperref Info: backreferencing OFF on input line 6066.
Package hyperref Info: Link coloring OFF on input line 6071.
Package hyperref Info: Link coloring with OCG OFF on input line 6076.
Package hyperref Info: PDF/A mode OFF on input line 6081.
\Hy@abspage=\count304


Package hyperref Message: Stopped early.

)
Package hyperref Info: Driver (autodetected): hpdftex.
 (C:\Users\teoso\AppData\Local\Programs\MiKTeX\tex/latex/hyperref\hpdftex.def
File: hpdftex.def 2023-07-08 v7.01b Hyperref driver for pdfTeX

(C:\Users\teoso\AppData\Local\Programs\MiKTeX\tex/latex/base\atveryend-ltx.sty
Package: atveryend-ltx 2020/08/19 v1.0a Emulation of the original atveryend pac
kage
with kernel methods
)
\Fld@listcount=\count305
\c@bookmark@seq@number=\count306

(C:\Users\teoso\AppData\Local\Programs\MiKTeX\tex/latex/rerunfilecheck\rerunfil
echeck.sty
Package: rerunfilecheck 2022-07-10 v1.10 Rerun checks for auxiliary files (HO)

(C:\Users\teoso\AppData\Local\Programs\MiKTeX\tex/generic/uniquecounter\uniquec
ounter.sty
Package: uniquecounter 2019/12/15 v1.4 Provide unlimited unique counter (HO)
)
Package uniquecounter Info: New unique counter `rerunfilecheck' on input line 2
85.
))
(C:\Users\teoso\AppData\Local\Programs\MiKTeX\tex/latex/beamer\beamerbaserequir
es.sty
(C:\Users\teoso\AppData\Local\Programs\MiKTeX\tex/latex/beamer\beamerbasecompat
ibility.sty)
(C:\Users\teoso\AppData\Local\Programs\MiKTeX\tex/latex/beamer\beamerbasefont.s
ty (C:\Users\teoso\AppData\Local\Programs\MiKTeX\tex/latex/amsfonts\amssymb.sty
Package: amssymb 2013/01/14 v3.01 AMS font symbols
(C:\Users\teoso\AppData\Local\Programs\MiKTeX\tex/latex/amsfonts\amsfonts.sty
Package: amsfonts 2013/01/14 v3.01 Basic AMSFonts support
\@emptytoks=\toks29
\symAMSa=\mathgroup4
\symAMSb=\mathgroup5
LaTeX Font Info:    Redeclaring math symbol \hbar on input line 98.
LaTeX Font Info:    Overwriting math alphabet `\mathfrak' in version `bold'
(Font)                  U/euf/m/n --> U/euf/b/n on input line 106.
))
(C:\Users\teoso\AppData\Local\Programs\MiKTeX\tex/latex/sansmathaccent\sansmath
accent.sty
Package: sansmathaccent 2020/01/31

(C:\Users\teoso\AppData\Local\Programs\MiKTeX\tex/latex/koma-script\scrlfile.st
y
Package: scrlfile 2023/07/07 v3.41 KOMA-Script package (file load hooks)

(C:\Users\teoso\AppData\Local\Programs\MiKTeX\tex/latex/koma-script\scrlfile-ho
ok.sty
Package: scrlfile-hook 2023/07/07 v3.41 KOMA-Script package (using LaTeX hooks)


(C:\Users\teoso\AppData\Local\Programs\MiKTeX\tex/latex/koma-script\scrlogo.sty
Package: scrlogo 2023/07/07 v3.41 KOMA-Script package (logo)
)))))
(C:\Users\teoso\AppData\Local\Programs\MiKTeX\tex/latex/beamer\beamerbasetransl
ator.sty
(C:\Users\teoso\AppData\Local\Programs\MiKTeX\tex/latex/translator\translator.s
ty
Package: translator 2021-05-31 v1.12d Easy translation of strings in LaTeX
))
(C:\Users\teoso\AppData\Local\Programs\MiKTeX\tex/latex/beamer\beamerbasemisc.s
ty)
(C:\Users\teoso\AppData\Local\Programs\MiKTeX\tex/latex/beamer\beamerbasetwoscr
eens.sty)
(C:\Users\teoso\AppData\Local\Programs\MiKTeX\tex/latex/beamer\beamerbaseoverla
y.sty
\beamer@argscount=\count307
\beamer@lastskipcover=\skip51
\beamer@trivlistdepth=\count308
)
(C:\Users\teoso\AppData\Local\Programs\MiKTeX\tex/latex/beamer\beamerbasetitle.
sty)
(C:\Users\teoso\AppData\Local\Programs\MiKTeX\tex/latex/beamer\beamerbasesectio
n.sty
\c@lecture=\count309
\c@part=\count310
\c@section=\count311
\c@subsection=\count312
\c@subsubsection=\count313
)
(C:\Users\teoso\AppData\Local\Programs\MiKTeX\tex/latex/beamer\beamerbaseframe.
sty
\beamer@framebox=\box66
\beamer@frametitlebox=\box67
\beamer@zoombox=\box68
\beamer@zoomcount=\count314
\beamer@zoomframecount=\count315
\beamer@frametextheight=\dimen271
\c@subsectionslide=\count316
\beamer@frametopskip=\skip52
\beamer@framebottomskip=\skip53
\beamer@frametopskipautobreak=\skip54
\beamer@framebottomskipautobreak=\skip55
\beamer@envbody=\toks30
\framewidth=\dimen272
\c@framenumber=\count317
)
(C:\Users\teoso\AppData\Local\Programs\MiKTeX\tex/latex/beamer\beamerbaseverbat
im.sty
\beamer@verbatimfileout=\write4
)
(C:\Users\teoso\AppData\Local\Programs\MiKTeX\tex/latex/beamer\beamerbaseframes
ize.sty
\beamer@splitbox=\box69
\beamer@autobreakcount=\count318
\beamer@autobreaklastheight=\dimen273
\beamer@frametitletoks=\toks31
\beamer@framesubtitletoks=\toks32
)
(C:\Users\teoso\AppData\Local\Programs\MiKTeX\tex/latex/beamer\beamerbaseframec
omponents.sty
\beamer@footins=\box70
)
(C:\Users\teoso\AppData\Local\Programs\MiKTeX\tex/latex/beamer\beamerbasecolor.
sty)
(C:\Users\teoso\AppData\Local\Programs\MiKTeX\tex/latex/beamer\beamerbasenotes.
sty
\beamer@frameboxcopy=\box71
)
(C:\Users\teoso\AppData\Local\Programs\MiKTeX\tex/latex/beamer\beamerbasetoc.st
y)
(C:\Users\teoso\AppData\Local\Programs\MiKTeX\tex/latex/beamer\beamerbasetempla
tes.sty
\beamer@sbttoks=\toks33

(C:\Users\teoso\AppData\Local\Programs\MiKTeX\tex/latex/beamer\beamerbaseauxtem
plates.sty
(C:\Users\teoso\AppData\Local\Programs\MiKTeX\tex/latex/beamer\beamerbaseboxes.
sty
\bmb@box=\box72
\bmb@colorbox=\box73
\bmb@boxwidth=\dimen274
\bmb@boxheight=\dimen275
\bmb@prevheight=\dimen276
\bmb@temp=\dimen277
\bmb@dima=\dimen278
\bmb@dimb=\dimen279
\bmb@prevheight=\dimen280
)
\beamer@blockheadheight=\dimen281
))
(C:\Users\teoso\AppData\Local\Programs\MiKTeX\tex/latex/beamer\beamerbaselocals
tructure.sty
(C:\Users\teoso\AppData\Local\Programs\MiKTeX\tex/latex/tools\enumerate.sty
Package: enumerate 2015/07/23 v3.00 enumerate extensions (DPC)
\@enLab=\toks34
)
\beamer@bibiconwidth=\skip56
\c@figure=\count319
\c@table=\count320
\abovecaptionskip=\skip57
\belowcaptionskip=\skip58
)
(C:\Users\teoso\AppData\Local\Programs\MiKTeX\tex/latex/beamer\beamerbasenaviga
tion.sty
(C:\Users\teoso\AppData\Local\Programs\MiKTeX\tex/latex/beamer\beamerbasenaviga
tionsymbols.tex)
\beamer@section@min@dim=\dimen282
)
(C:\Users\teoso\AppData\Local\Programs\MiKTeX\tex/latex/beamer\beamerbasetheore
ms.sty
(C:\Users\teoso\AppData\Local\Programs\MiKTeX\tex/latex/amsmath\amsmath.sty
Package: amsmath 2023/05/13 v2.17o AMS math features
\@mathmargin=\skip59

For additional information on amsmath, use the `?' option.
(C:\Users\teoso\AppData\Local\Programs\MiKTeX\tex/latex/amsmath\amstext.sty
Package: amstext 2021/08/26 v2.01 AMS text

(C:\Users\teoso\AppData\Local\Programs\MiKTeX\tex/latex/amsmath\amsgen.sty
File: amsgen.sty 1999/11/30 v2.0 generic functions
\@emptytoks=\toks35
\ex@=\dimen283
))
(C:\Users\teoso\AppData\Local\Programs\MiKTeX\tex/latex/amsmath\amsbsy.sty
Package: amsbsy 1999/11/29 v1.2d Bold Symbols
\pmbraise@=\dimen284
)
(C:\Users\teoso\AppData\Local\Programs\MiKTeX\tex/latex/amsmath\amsopn.sty
Package: amsopn 2022/04/08 v2.04 operator names
)
\inf@bad=\count321
LaTeX Info: Redefining \frac on input line 234.
\uproot@=\count322
\leftroot@=\count323
LaTeX Info: Redefining \overline on input line 399.
LaTeX Info: Redefining \colon on input line 410.
\classnum@=\count324
\DOTSCASE@=\count325
LaTeX Info: Redefining \ldots on input line 496.
LaTeX Info: Redefining \dots on input line 499.
LaTeX Info: Redefining \cdots on input line 620.
\Mathstrutbox@=\box74
\strutbox@=\box75
LaTeX Info: Redefining \big on input line 722.
LaTeX Info: Redefining \Big on input line 723.
LaTeX Info: Redefining \bigg on input line 724.
LaTeX Info: Redefining \Bigg on input line 725.
\big@size=\dimen285
LaTeX Font Info:    Redeclaring font encoding OML on input line 743.
LaTeX Font Info:    Redeclaring font encoding OMS on input line 744.
\macc@depth=\count326
LaTeX Info: Redefining \bmod on input line 905.
LaTeX Info: Redefining \pmod on input line 910.
LaTeX Info: Redefining \smash on input line 940.
LaTeX Info: Redefining \relbar on input line 970.
LaTeX Info: Redefining \Relbar on input line 971.
\c@MaxMatrixCols=\count327
\dotsspace@=\muskip17
\c@parentequation=\count328
\dspbrk@lvl=\count329
\tag@help=\toks36
\row@=\count330
\column@=\count331
\maxfields@=\count332
\andhelp@=\toks37
\eqnshift@=\dimen286
\alignsep@=\dimen287
\tagshift@=\dimen288
\tagwidth@=\dimen289
\totwidth@=\dimen290
\lineht@=\dimen291
\@envbody=\toks38
\multlinegap=\skip60
\multlinetaggap=\skip61
\mathdisplay@stack=\toks39
LaTeX Info: Redefining \[ on input line 2953.
LaTeX Info: Redefining \] on input line 2954.
)
(C:\Users\teoso\AppData\Local\Programs\MiKTeX\tex/latex/amscls\amsthm.sty
Package: amsthm 2020/05/29 v2.20.6
\thm@style=\toks40
\thm@bodyfont=\toks41
\thm@headfont=\toks42
\thm@notefont=\toks43
\thm@headpunct=\toks44
\thm@preskip=\skip62
\thm@postskip=\skip63
\thm@headsep=\skip64
\dth@everypar=\toks45
)
\c@theorem=\count333
)
(C:\Users\teoso\AppData\Local\Programs\MiKTeX\tex/latex/beamer\beamerbasethemes
.sty))
(C:\Users\teoso\AppData\Local\Programs\MiKTeX\tex/latex/beamer\beamerthemedefau
lt.sty
(C:\Users\teoso\AppData\Local\Programs\MiKTeX\tex/latex/beamer\beamerfontthemed
efault.sty)
(C:\Users\teoso\AppData\Local\Programs\MiKTeX\tex/latex/beamer\beamercolortheme
default.sty)
(C:\Users\teoso\AppData\Local\Programs\MiKTeX\tex/latex/beamer\beamerinnertheme
default.sty
\beamer@dima=\dimen292
\beamer@dimb=\dimen293
)
(C:\Users\teoso\AppData\Local\Programs\MiKTeX\tex/latex/beamer\beameroutertheme
default.sty)))
(C:\Users\teoso\AppData\Local\Programs\MiKTeX\tex/latex/pgf/basiclayer\pgf.sty
Package: pgf 2023-01-15 v3.1.10 (3.1.10)

(C:\Users\teoso\AppData\Local\Programs\MiKTeX\tex/generic/pgf/modules\pgfmodule
shapes.code.tex
File: pgfmoduleshapes.code.tex 2023-01-15 v3.1.10 (3.1.10)
\pgfnodeparttextbox=\box76
)
(C:\Users\teoso\AppData\Local\Programs\MiKTeX\tex/generic/pgf/modules\pgfmodule
plot.code.tex
File: pgfmoduleplot.code.tex 2023-01-15 v3.1.10 (3.1.10)
)
(C:\Users\teoso\AppData\Local\Programs\MiKTeX\tex/latex/pgf/compatibility\pgfco
mp-version-0-65.sty
Package: pgfcomp-version-0-65 2023-01-15 v3.1.10 (3.1.10)
\pgf@nodesepstart=\dimen294
\pgf@nodesepend=\dimen295
)
(C:\Users\teoso\AppData\Local\Programs\MiKTeX\tex/latex/pgf/compatibility\pgfco
mp-version-1-18.sty
Package: pgfcomp-version-1-18 2023-01-15 v3.1.10 (3.1.10)
))
(C:\Users\teoso\AppData\Local\Programs\MiKTeX\tex/latex/colortbl\colortbl.sty
Package: colortbl 2024/02/20 v1.0g Color table columns (DPC)

(C:\Users\teoso\AppData\Local\Programs\MiKTeX\tex/latex/tools\array.sty
Package: array 2022/09/04 v2.5g Tabular extension package (FMi)
\col@sep=\dimen296
\ar@mcellbox=\box77
\extrarowheight=\dimen297
\NC@list=\toks46
\extratabsurround=\skip65
\backup@length=\skip66
\ar@cellbox=\box78
)
\everycr=\toks47
\minrowclearance=\skip67
\rownum=\count334
)
(C:\Users\teoso\AppData\Local\Programs\MiKTeX\tex/latex/tools\tabularx.sty
Package: tabularx 2020/01/15 v2.11c `tabularx' package (DPC)
\TX@col@width=\dimen298
\TX@old@table=\dimen299
\TX@old@col=\dimen300
\TX@target=\dimen301
\TX@delta=\dimen302
\TX@cols=\count335
\TX@ftn=\toks48
)
(C:\Users\teoso\AppData\Local\Programs\MiKTeX\tex/latex/jknappen\mathrsfs.sty
Package: mathrsfs 1996/01/01 Math RSFS package v1.0 (jk)
\symrsfs=\mathgroup6
)
(C:\Users\teoso\AppData\Local\Programs\MiKTeX\tex/latex/fundus-calligra\calligr
a.sty
Package: calligra 2012/04/10 v1.9 LaTeX package calligra
)
(C:\Users\teoso\AppData\Local\Programs\MiKTeX\tex/latex/ragged2e\ragged2e.sty
Package: ragged2e 2023/06/22 v3.6 ragged2e Package
\CenteringLeftskip=\skip68
\RaggedLeftLeftskip=\skip69
\RaggedRightLeftskip=\skip70
\CenteringRightskip=\skip71
\RaggedLeftRightskip=\skip72
\RaggedRightRightskip=\skip73
\CenteringParfillskip=\skip74
\RaggedLeftParfillskip=\skip75
\RaggedRightParfillskip=\skip76
\JustifyingParfillskip=\skip77
\CenteringParindent=\skip78
\RaggedLeftParindent=\skip79
\RaggedRightParindent=\skip80
\JustifyingParindent=\skip81
)
(C:\Users\teoso\AppData\Local\Programs\MiKTeX\tex/latex/setspace\setspace.sty
Package: setspace 2022/12/04 v6.7b set line spacing
)
(C:\Users\teoso\AppData\Local\Programs\MiKTeX\tex/latex/filecontents\fileconten
ts.sty
Package: filecontents 2023/04/02 v1.5a Create an external file from within a La
TeX document


Package filecontents Warning: This package is obsolete. Disabling it and
(filecontents)                passing control to the filecontents environment
(filecontents)                defined by the LaTeX kernel.

) (C:\Users\teoso\AppData\Local\Programs\MiKTeX\tex/latex/caption\caption.sty
Package: caption 2023/08/05 v3.6o Customizing captions (AR)

(C:\Users\teoso\AppData\Local\Programs\MiKTeX\tex/latex/caption\caption3.sty
Package: caption3 2023/07/31 v2.4d caption3 kernel (AR)
\caption@tempdima=\dimen303
\captionmargin=\dimen304
\caption@leftmargin=\dimen305
\caption@rightmargin=\dimen306
\caption@width=\dimen307
\caption@indent=\dimen308
\caption@parindent=\dimen309
\caption@hangindent=\dimen310
Package caption Info: beamer document class detected.

(C:\Users\teoso\AppData\Local\Programs\MiKTeX\tex/latex/caption\caption-beamer.
sto
File: caption-beamer.sto 2022/01/06 v2.0c Adaption of the caption package to th
e beamer document classes (AR)
))
\c@caption@flags=\count336
\c@continuedfloat=\count337
Package caption Info: hyperref package is loaded.
Package caption Info: Hyperref support is turned off
(caption)             because hyperref has stopped early.
)
(C:\Users\teoso\AppData\Local\Programs\MiKTeX\tex/latex/caption\subcaption.sty
Package: subcaption 2023/07/28 v1.6b Sub-captions (AR)
Package caption Info: New subtype `subfigure' on input line 238.
\c@subfigure=\count338
Package caption Info: New subtype `subtable' on input line 238.
\c@subtable=\count339
) (C:\Users\teoso\AppData\Local\Programs\MiKTeX\tex/latex/contour\contour.sty
Package: contour 2004/11/18 v2.14 Print contoured text (HH, MH)
\con@length=\skip82

Loading configuration file `contour.cfg'.
(C:\Users\teoso\AppData\Local\Programs\MiKTeX\tex/latex/contour\contour.cfg
File: contour.cfg 2004/11/18 v2.14 Print contoured text (HH, MH)
)
contour: Using driver file `pdftex.cnt'.
(C:\Users\teoso\AppData\Local\Programs\MiKTeX\tex/latex/contour\pdftex.cnt
File: pdftex.cnt 2004/11/18 v2.14 Print contoured text (HH, MH)
))
(C:\Users\teoso\AppData\Local\Programs\MiKTeX\tex/latex/fancybox\fancybox.sty
Package: fancybox 2010/05/15 1.4

Style option: `fancybox' v1.4 <2010/05/15> (tvz)
\@fancybox=\box79
\shadowsize=\dimen311
\@Sbox=\box80
\do@VerbBox=\toks49
\the@fancyput=\toks50
\this@fancyput=\toks51
\EndVerbatimTokens=\toks52
\Verbatim@Outfile=\write5
\Verbatim@Infile=\read3
) (C:\Users\teoso\AppData\Local\Programs\MiKTeX\tex/latex/wrapfig\wrapfig.sty
\wrapoverhang=\dimen312
\WF@size=\dimen313
\c@WF@wrappedlines=\count340
\WF@box=\box81
\WF@everypar=\toks53
Package: wrapfig 2003/01/31  v 3.6
)
(C:\Users\teoso\AppData\Local\Programs\MiKTeX\tex/latex/multirow\multirow.sty
Package: multirow 2021/03/15 v2.8 Span multiple rows of a table
\multirow@colwidth=\skip83
\multirow@cntb=\count341
\multirow@dima=\skip84
\bigstrutjot=\dimen314
)
(C:\Users\teoso\AppData\Local\Programs\MiKTeX\tex/latex/tools\multicol.sty
Package: multicol 2023/03/30 v1.9f multicolumn formatting (FMi)
\c@tracingmulticols=\count342
\mult@box=\box82
\multicol@leftmargin=\dimen315
\c@unbalance=\count343
\c@collectmore=\count344
\doublecol@number=\count345
\multicoltolerance=\count346
\multicolpretolerance=\count347
\full@width=\dimen316
\page@free=\dimen317
\premulticols=\dimen318
\postmulticols=\dimen319
\multicolsep=\skip85
\multicolbaselineskip=\skip86
\partial@page=\box83
\last@line=\box84
\mc@boxedresult=\box85
\maxbalancingoverflow=\dimen320
\mult@rightbox=\box86
\mult@grightbox=\box87
\mult@firstbox=\box88
\mult@gfirstbox=\box89
\@tempa=\box90
\@tempa=\box91
\@tempa=\box92
\@tempa=\box93
\@tempa=\box94
\@tempa=\box95
\@tempa=\box96
\@tempa=\box97
\@tempa=\box98
\@tempa=\box99
\@tempa=\box100
\@tempa=\box101
\@tempa=\box102
\@tempa=\box103
\@tempa=\box104
\@tempa=\box105
\@tempa=\box106
\@tempa=\box107
\@tempa=\box108
\@tempa=\box109
\@tempa=\box110
\@tempa=\box111
\@tempa=\box112
\@tempa=\box113
\@tempa=\box114
\@tempa=\box115
\@tempa=\box116
\@tempa=\box117
\@tempa=\box118
\@tempa=\box119
\@tempa=\box120
\@tempa=\box121
\@tempa=\box122
\@tempa=\box123
\@tempa=\box124
\@tempa=\box125
\c@minrows=\count348
\c@columnbadness=\count349
\c@finalcolumnbadness=\count350
\last@try=\dimen321
\multicolovershoot=\dimen322
\multicolundershoot=\dimen323
\mult@nat@firstbox=\box126
\colbreak@box=\box127
\mc@col@check@num=\count351
)
(C:\Users\teoso\AppData\Local\Programs\MiKTeX\tex/latex/pgf/frontendlayer\tikz.
sty
(C:\Users\teoso\AppData\Local\Programs\MiKTeX\tex/latex/pgf/utilities\pgffor.st
y
(C:\Users\teoso\AppData\Local\Programs\MiKTeX\tex/generic/pgf/utilities\pgffor.
code.tex
Package: pgffor 2023-01-15 v3.1.10 (3.1.10)
\pgffor@iter=\dimen324
\pgffor@skip=\dimen325
\pgffor@stack=\toks54
\pgffor@toks=\toks55
))
(C:\Users\teoso\AppData\Local\Programs\MiKTeX\tex/generic/pgf/frontendlayer/tik
z\tikz.code.tex
Package: tikz 2023-01-15 v3.1.10 (3.1.10)

(C:\Users\teoso\AppData\Local\Programs\MiKTeX\tex/generic/pgf/libraries\pgflibr
aryplothandlers.code.tex
File: pgflibraryplothandlers.code.tex 2023-01-15 v3.1.10 (3.1.10)
\pgf@plot@mark@count=\count352
\pgfplotmarksize=\dimen326
)
\tikz@lastx=\dimen327
\tikz@lasty=\dimen328
\tikz@lastxsaved=\dimen329
\tikz@lastysaved=\dimen330
\tikz@lastmovetox=\dimen331
\tikz@lastmovetoy=\dimen332
\tikzleveldistance=\dimen333
\tikzsiblingdistance=\dimen334
\tikz@figbox=\box128
\tikz@figbox@bg=\box129
\tikz@tempbox=\box130
\tikz@tempbox@bg=\box131
\tikztreelevel=\count353
\tikznumberofchildren=\count354
\tikznumberofcurrentchild=\count355
\tikz@fig@count=\count356

(C:\Users\teoso\AppData\Local\Programs\MiKTeX\tex/generic/pgf/modules\pgfmodule
matrix.code.tex
File: pgfmodulematrix.code.tex 2023-01-15 v3.1.10 (3.1.10)
\pgfmatrixcurrentrow=\count357
\pgfmatrixcurrentcolumn=\count358
\pgf@matrix@numberofcolumns=\count359
)
\tikz@expandcount=\count360

(C:\Users\teoso\AppData\Local\Programs\MiKTeX\tex/generic/pgf/frontendlayer/tik
z/libraries\tikzlibrarytopaths.code.tex
File: tikzlibrarytopaths.code.tex 2023-01-15 v3.1.10 (3.1.10)
)))
(C:\Users\teoso\AppData\Local\Programs\MiKTeX\tex/latex/pgfplots\pgfplots.sty
(C:\Users\teoso\AppData\Local\Programs\MiKTeX\tex/generic/pgfplots\pgfplots.rev
ision.tex)
Package: pgfplots 2021/05/15 v1.18.1 Data Visualization (1.18.1)

(C:\Users\teoso\AppData\Local\Programs\MiKTeX\tex/generic/pgfplots\pgfplots.cod
e.tex
(C:\Users\teoso\AppData\Local\Programs\MiKTeX\tex/generic/pgfplots\pgfplotscore
.code.tex
\t@pgfplots@toka=\toks56
\t@pgfplots@tokb=\toks57
\t@pgfplots@tokc=\toks58
\pgfplots@tmpa=\dimen335
\c@pgfplots@coordindex=\count361
\c@pgfplots@scanlineindex=\count362

(C:\Users\teoso\AppData\Local\Programs\MiKTeX\tex/generic/pgfplots/sys\pgfplots
sysgeneric.code.tex))
(C:\Users\teoso\AppData\Local\Programs\MiKTeX\tex/generic/pgfplots/libs\pgfplot
slibrary.code.tex)
(C:\Users\teoso\AppData\Local\Programs\MiKTeX\tex/generic/pgfplots/oldpgfcompat
ib\pgfplotsoldpgfsupp_loader.code.tex
(C:\Users\teoso\AppData\Local\Programs\MiKTeX\tex/generic/pgf/libraries\pgflibr
aryfpu.code.tex)
Package pgfplots: loading complementary utilities for your pgf version...
\t@pgf@toka=\toks59
\t@pgf@tokb=\toks60
\t@pgf@tokc=\toks61

(C:\Users\teoso\AppData\Local\Programs\MiKTeX\tex/generic/pgfplots/oldpgfcompat
ib\pgfplotsoldpgfsupp_pgfutil-common-lists.tex))
(C:\Users\teoso\AppData\Local\Programs\MiKTeX\tex/generic/pgfplots/util\pgfplot
sutil.code.tex
(C:\Users\teoso\AppData\Local\Programs\MiKTeX\tex/generic/pgfplots/liststructur
e\pgfplotsliststructure.code.tex)
(C:\Users\teoso\AppData\Local\Programs\MiKTeX\tex/generic/pgfplots/liststructur
e\pgfplotsliststructureext.code.tex)
(C:\Users\teoso\AppData\Local\Programs\MiKTeX\tex/generic/pgfplots/liststructur
e\pgfplotsarray.code.tex
\c@pgfplotsarray@tmp=\count363
)
(C:\Users\teoso\AppData\Local\Programs\MiKTeX\tex/generic/pgfplots/liststructur
e\pgfplotsmatrix.code.tex)
(C:\Users\teoso\AppData\Local\Programs\MiKTeX\tex/generic/pgfplots/numtable\pgf
plotstableshared.code.tex
\c@pgfplotstable@counta=\count364
\t@pgfplotstable@a=\toks62
)
(C:\Users\teoso\AppData\Local\Programs\MiKTeX\tex/generic/pgfplots/liststructur
e\pgfplotsdeque.code.tex)
(C:\Users\teoso\AppData\Local\Programs\MiKTeX\tex/generic/pgfplots/util\pgfplot
sbinary.code.tex
(C:\Users\teoso\AppData\Local\Programs\MiKTeX\tex/generic/pgfplots/util\pgfplot
sbinary.data.code.tex))
(C:\Users\teoso\AppData\Local\Programs\MiKTeX\tex/generic/pgfplots/util\pgfplot
sutil.verb.code.tex)
(C:\Users\teoso\AppData\Local\Programs\MiKTeX\tex/generic/pgfplots/libs\pgflibr
arypgfplots.surfshading.code.tex
\c@pgfplotslibrarysurf@no=\count365

(C:\Users\teoso\AppData\Local\Programs\MiKTeX\tex/generic/pgfplots/sys\pgflibra
rypgfplots.surfshading.pgfsys-pdftex.def)))
(C:\Users\teoso\AppData\Local\Programs\MiKTeX\tex/generic/pgfplots/util\pgfplot
scolormap.code.tex
(C:\Users\teoso\AppData\Local\Programs\MiKTeX\tex/generic/pgfplots/util\pgfplot
scolor.code.tex))
(C:\Users\teoso\AppData\Local\Programs\MiKTeX\tex/generic/pgfplots\pgfplotsstac
kedplots.code.tex)
(C:\Users\teoso\AppData\Local\Programs\MiKTeX\tex/generic/pgfplots\pgfplotsplot
handlers.code.tex
(C:\Users\teoso\AppData\Local\Programs\MiKTeX\tex/generic/pgfplots\pgfplotsmesh
plothandler.code.tex
(C:\Users\teoso\AppData\Local\Programs\MiKTeX\tex/generic/pgfplots\pgfplotsmesh
plotimage.code.tex)))
(C:\Users\teoso\AppData\Local\Programs\MiKTeX\tex/generic/pgfplots\pgfplots.sca
ling.code.tex)
(C:\Users\teoso\AppData\Local\Programs\MiKTeX\tex/generic/pgfplots\pgfplotscoor
dprocessing.code.tex)
(C:\Users\teoso\AppData\Local\Programs\MiKTeX\tex/generic/pgfplots\pgfplots.err
orbars.code.tex)
(C:\Users\teoso\AppData\Local\Programs\MiKTeX\tex/generic/pgfplots\pgfplots.mar
kers.code.tex)
(C:\Users\teoso\AppData\Local\Programs\MiKTeX\tex/generic/pgfplots\pgfplotstick
s.code.tex)
(C:\Users\teoso\AppData\Local\Programs\MiKTeX\tex/generic/pgfplots\pgfplots.pat
hs.code.tex)
(C:\Users\teoso\AppData\Local\Programs\MiKTeX\tex/generic/pgf/frontendlayer/tik
z/libraries\tikzlibrarydecorations.code.tex
(C:\Users\teoso\AppData\Local\Programs\MiKTeX\tex/generic/pgf/modules\pgfmodule
decorations.code.tex
\pgfdecoratedcompleteddistance=\dimen336
\pgfdecoratedremainingdistance=\dimen337
\pgfdecoratedinputsegmentcompleteddistance=\dimen338
\pgfdecoratedinputsegmentremainingdistance=\dimen339
\pgf@decorate@distancetomove=\dimen340
\pgf@decorate@repeatstate=\count366
\pgfdecorationsegmentamplitude=\dimen341
\pgfdecorationsegmentlength=\dimen342
)
\tikz@lib@dec@box=\box132
)
(C:\Users\teoso\AppData\Local\Programs\MiKTeX\tex/generic/pgf/frontendlayer/tik
z/libraries\tikzlibrarydecorations.pathmorphing.code.tex
(C:\Users\teoso\AppData\Local\Programs\MiKTeX\tex/generic/pgf/libraries/decorat
ions\pgflibrarydecorations.pathmorphing.code.tex))
(C:\Users\teoso\AppData\Local\Programs\MiKTeX\tex/generic/pgf/frontendlayer/tik
z/libraries\tikzlibrarydecorations.pathreplacing.code.tex
(C:\Users\teoso\AppData\Local\Programs\MiKTeX\tex/generic/pgf/libraries/decorat
ions\pgflibrarydecorations.pathreplacing.code.tex))
(C:\Users\teoso\AppData\Local\Programs\MiKTeX\tex/generic/pgfplots/libs\tikzlib
rarypgfplots.contourlua.code.tex)
\pgfplots@numplots=\count367
\pgfplots@xmin@reg=\dimen343
\pgfplots@xmax@reg=\dimen344
\pgfplots@ymin@reg=\dimen345
\pgfplots@ymax@reg=\dimen346
\pgfplots@zmin@reg=\dimen347
\pgfplots@zmax@reg=\dimen348
)
(C:\Users\teoso\AppData\Local\Programs\MiKTeX\tex/generic/pgf/frontendlayer/tik
z/libraries\tikzlibraryplotmarks.code.tex
File: tikzlibraryplotmarks.code.tex 2023-01-15 v3.1.10 (3.1.10)

(C:\Users\teoso\AppData\Local\Programs\MiKTeX\tex/generic/pgf/libraries\pgflibr
aryplotmarks.code.tex
File: pgflibraryplotmarks.code.tex 2023-01-15 v3.1.10 (3.1.10)
)))
(C:\Users\teoso\AppData\Local\Programs\MiKTeX\tex/latex/tkz-euclide\tkz-euclide
.sty
2023/10/20 5.03c tkz-euclide.sty
Package: tkz-euclide  2023/10/20 5.03c for pure Euclidean Geometry 

(C:\Users\teoso\AppData\Local\Programs\MiKTeX\tex/generic/pgf/frontendlayer/tik
z/libraries\tikzlibraryangles.code.tex
File: tikzlibraryangles.code.tex 2023-01-15 v3.1.10 (3.1.10)
)
(C:\Users\teoso\AppData\Local\Programs\MiKTeX\tex/generic/pgf/frontendlayer/tik
z/libraries\tikzlibraryarrows.code.tex
File: tikzlibraryarrows.code.tex 2023-01-15 v3.1.10 (3.1.10)

(C:\Users\teoso\AppData\Local\Programs\MiKTeX\tex/generic/pgf/libraries\pgflibr
aryarrows.code.tex
File: pgflibraryarrows.code.tex 2023-01-15 v3.1.10 (3.1.10)
\arrowsize=\dimen349
))
(C:\Users\teoso\AppData\Local\Programs\MiKTeX\tex/generic/pgf/libraries\pgflibr
aryarrows.meta.code.tex
File: pgflibraryarrows.meta.code.tex 2023-01-15 v3.1.10 (3.1.10)
\pgfarrowinset=\dimen350
\pgfarrowlength=\dimen351
\pgfarrowwidth=\dimen352
\pgfarrowlinewidth=\dimen353
)
(C:\Users\teoso\AppData\Local\Programs\MiKTeX\tex/generic/pgf/frontendlayer/tik
z/libraries\tikzlibrarybackgrounds.code.tex
File: tikzlibrarybackgrounds.code.tex 2023-01-15 v3.1.10 (3.1.10)
\pgf@layerbox@background=\box133
\pgf@layerboxsaved@background=\box134
)
(C:\Users\teoso\AppData\Local\Programs\MiKTeX\tex/generic/pgf/frontendlayer/tik
z/libraries\tikzlibrarycalc.code.tex
File: tikzlibrarycalc.code.tex 2023-01-15 v3.1.10 (3.1.10)
)
(C:\Users\teoso\AppData\Local\Programs\MiKTeX\tex/generic/pgf/frontendlayer/tik
z/libraries\tikzlibrarydecorations.markings.code.tex
(C:\Users\teoso\AppData\Local\Programs\MiKTeX\tex/generic/pgf/libraries/decorat
ions\pgflibrarydecorations.markings.code.tex))
(C:\Users\teoso\AppData\Local\Programs\MiKTeX\tex/generic/pgf/frontendlayer/tik
z/libraries\tikzlibrarydecorations.shapes.code.tex
(C:\Users\teoso\AppData\Local\Programs\MiKTeX\tex/generic/pgf/libraries/decorat
ions\pgflibrarydecorations.shapes.code.tex))
(C:\Users\teoso\AppData\Local\Programs\MiKTeX\tex/generic/pgf/frontendlayer/tik
z/libraries\tikzlibrarydecorations.text.code.tex
(C:\Users\teoso\AppData\Local\Programs\MiKTeX\tex/generic/pgf/libraries/decorat
ions\pgflibrarydecorations.text.code.tex
\pgf@lib@dec@text@box=\box135
)
\tikz@lib@dec@te@box=\box136
)
(C:\Users\teoso\AppData\Local\Programs\MiKTeX\tex/generic/pgf/frontendlayer/tik
z/libraries\tikzlibraryintersections.code.tex
(C:\Users\teoso\AppData\Local\Programs\MiKTeX\tex/generic/pgf/libraries\pgflibr
aryintersections.code.tex
\pgf@intersect@solutions=\count368
))
(C:\Users\teoso\AppData\Local\Programs\MiKTeX\tex/generic/pgf/frontendlayer/tik
z/libraries\tikzlibrarymath.code.tex
(C:\Users\teoso\AppData\Local\Programs\MiKTeX\tex/generic/pgf/frontendlayer/tik
z/libraries\tikzlibraryfpu.code.tex)
\tikz@math@for@depth=\count369
\tikz@math@dimen=\dimen354
\tikz@math@toks=\toks63
)
(C:\Users\teoso\AppData\Local\Programs\MiKTeX\tex/generic/pgf/frontendlayer/tik
z/libraries\tikzlibrarypositioning.code.tex
File: tikzlibrarypositioning.code.tex 2023-01-15 v3.1.10 (3.1.10)
)
(C:\Users\teoso\AppData\Local\Programs\MiKTeX\tex/generic/pgf/frontendlayer/tik
z/libraries\tikzlibraryquotes.code.tex
File: tikzlibraryquotes.code.tex 2023-01-15 v3.1.10 (3.1.10)
)
(C:\Users\teoso\AppData\Local\Programs\MiKTeX\tex/generic/pgf/frontendlayer/tik
z/libraries\tikzlibraryshapes.misc.code.tex
File: tikzlibraryshapes.misc.code.tex 2023-01-15 v3.1.10 (3.1.10)

(C:\Users\teoso\AppData\Local\Programs\MiKTeX\tex/generic/pgf/libraries/shapes\
pgflibraryshapes.misc.code.tex
File: pgflibraryshapes.misc.code.tex 2023-01-15 v3.1.10 (3.1.10)
))
(C:\Users\teoso\AppData\Local\Programs\MiKTeX\tex/generic/pgf/frontendlayer/tik
z/libraries\tikzlibrarythrough.code.tex
File: tikzlibrarythrough.code.tex 2023-01-15 v3.1.10 (3.1.10)
)
(C:\Users\teoso\AppData\Local\Programs\MiKTeX\tex/latex/l3packages/xfp\xfp.sty
(C:\Users\teoso\AppData\Local\Programs\MiKTeX\tex/latex/l3kernel\expl3.sty
Package: expl3 2023-08-29 L3 programming layer (loader) 

(C:\Users\teoso\AppData\Local\Programs\MiKTeX\tex/latex/l3backend\l3backend-pdf
tex.def
File: l3backend-pdftex.def 2023-04-19 L3 backend support: PDF output (pdfTeX)
\l__color_backend_stack_int=\count370
\l__pdf_internal_box=\box137
))
Package: xfp 2023-08-29 L3 Floating point unit
)
(C:\Users\teoso\AppData\Local\Programs\MiKTeX\tex/latex/xpatch\xpatch.sty
Package: xpatch 2020/03/25 v0.3a Extending etoolbox patching commands

(C:\Users\teoso\AppData\Local\Programs\MiKTeX\tex/latex/l3packages/xparse\xpars
e.sty
Package: xparse 2023-08-29 L3 Experimental document command parser
))
\tkzRadius=\dimen355
\tkzLength=\dimen356
\tkz@radi=\dimen357
\tkz@ax=\dimen358
\tkz@ay=\dimen359
\tkz@bx=\dimen360
\tkz@by=\dimen361
\tkz@cx=\dimen362
\tkz@cy=\dimen363
\tkz@dx=\dimen364
\tkz@dy=\dimen365
\tkz@cntmk=\count371

Local configuration file tkz-euclide.cfg found and used

(C:\Users\teoso\AppData\Local\Programs\MiKTeX\tex/latex/tkz-euclide\tkz-euclide
.cfg
2023/10/20 5.03c tkz-euclide.cfg
)
(C:\Users\teoso\AppData\Local\Programs\MiKTeX\tex/latex/tkz-euclide/tools\tkz-t
ools-eu-base.tex
2023/10/20 5.03c tkz-tools-eu-base.tex
)
(C:\Users\teoso\AppData\Local\Programs\MiKTeX\tex/latex/tkz-euclide/tools\tkz-t
ools-eu-utilities.tex
2023/10/20 5.03c tkz-tools-eu-utilities.tex
)
(C:\Users\teoso\AppData\Local\Programs\MiKTeX\tex/latex/tkz-euclide/tools\tkz-t
ools-eu-BB.tex
2023/10/20 5.03c tkz-obj-eu-BB.tex
)
(C:\Users\teoso\AppData\Local\Programs\MiKTeX\tex/latex/tkz-euclide/obj\tkz-obj
-eu-grids.tex
2023/10/20 5.03c tkz-obj-eu-grids.tex
)
(C:\Users\teoso\AppData\Local\Programs\MiKTeX\tex/latex/tkz-euclide/libs\tkz-li
b-eu-marks.tex
2023/10/20 5.03c tkz-lib-eu-marks.tex
)
(C:\Users\teoso\AppData\Local\Programs\MiKTeX\tex/latex/tkz-euclide/tools\tkz-t
ools-eu-text.tex
2023/10/20 5.03c tkz-tools-eu-text.tex
)
(C:\Users\teoso\AppData\Local\Programs\MiKTeX\tex/latex/tkz-euclide/libs\tkz-li
b-eu-shape.tex
2023/10/20 5.03c tkz-lib-eu-shape.tex
)
(C:\Users\teoso\AppData\Local\Programs\MiKTeX\tex/latex/tkz-euclide/obj\tkz-obj
-eu-axesmin.tex
2023/10/20 5.03c tkz-obj-eu-axesmin
)
(C:\Users\teoso\AppData\Local\Programs\MiKTeX\tex/latex/tkz-euclide/tools\tkz-t
ools-eu-colors.tex
2023/10/20 5.03c tkz-tools-eu-colors
)
(C:\Users\teoso\AppData\Local\Programs\MiKTeX\tex/latex/tkz-euclide/obj\tkz-obj
-eu-points.tex
2023/10/20 5.03c tkz-obj-eu-points.tex
)
(C:\Users\teoso\AppData\Local\Programs\MiKTeX\tex/latex/tkz-euclide/drawings\tk
z-draw-eu-points.tex
2023/10/20 5.03c tkz-draw-eu-points.tex
)
(C:\Users\teoso\AppData\Local\Programs\MiKTeX\tex/latex/tkz-euclide/obj\tkz-obj
-eu-points.tex
2023/10/20 5.03c tkz-obj-eu-points.tex
)
(C:\Users\teoso\AppData\Local\Programs\MiKTeX\tex/latex/tkz-euclide/obj\tkz-obj
-eu-points-by.tex
2023/10/20 5.03c tkz-tools-eu-points-by.tex
)
(C:\Users\teoso\AppData\Local\Programs\MiKTeX\tex/latex/tkz-euclide/tools\tkz-t
ools-eu-math.tex
2023/10/20 5.03c tkz-tools-eu-math.tex
)
(C:\Users\teoso\AppData\Local\Programs\MiKTeX\tex/latex/tkz-euclide/tools\tkz-t
ools-eu-intersections.tex
2023/10/20 5.03c tkz-tools-eu-intersections.tex
)
(C:\Users\teoso\AppData\Local\Programs\MiKTeX\tex/latex/tkz-euclide/obj\tkz-obj
-eu-points-with.tex
2023/10/20 5.03c tkz-obj-eu-points-with.tex
)
(C:\Users\teoso\AppData\Local\Programs\MiKTeX\tex/latex/tkz-euclide/obj\tkz-obj
-eu-points-spc.tex
2023/10/20 5.03c tkz-obj-el-points.tex
)
(C:\Users\teoso\AppData\Local\Programs\MiKTeX\tex/latex/tkz-euclide/tools\tkz-t
ools-eu-angles.tex
2023/10/20 5.03c tkz-tools-eu-angles.tex
)
(C:\Users\teoso\AppData\Local\Programs\MiKTeX\tex/latex/tkz-euclide/obj\tkz-obj
-eu-circles.tex
2023/10/20 5.03c tkz-obj-eu-circles.tex
)
(C:\Users\teoso\AppData\Local\Programs\MiKTeX\tex/latex/tkz-euclide/obj\tkz-obj
-eu-circles-by.tex
2023/10/20 5.03c tkz-obj-eu-circles.tex
)
(C:\Users\teoso\AppData\Local\Programs\MiKTeX\tex/latex/tkz-euclide/obj\tkz-obj
-eu-points-rnd.tex
2023/10/20 5.03c tkz-obj-eu-points-rnd.tex
)
(C:\Users\teoso\AppData\Local\Programs\MiKTeX\tex/latex/tkz-euclide/obj\tkz-obj
-eu-lines.tex
2023/10/20 5.03c tkz-obj-eu-lines.tex
)
(C:\Users\teoso\AppData\Local\Programs\MiKTeX\tex/latex/tkz-euclide/obj\tkz-obj
-eu-polygons.tex
2023/10/20 5.03c tkz-obj-eu-polygons.tex
)
(C:\Users\teoso\AppData\Local\Programs\MiKTeX\tex/latex/tkz-euclide/obj\tkz-obj
-eu-triangles.tex
2023/10/20 5.03c tkz-obj-eu-triangles.tex
)
(C:\Users\teoso\AppData\Local\Programs\MiKTeX\tex/latex/tkz-euclide/drawings\tk
z-draw-eu-lines.tex
2023/10/20 5.03c tkz-obj-eu-draw-lines.tex
)
(C:\Users\teoso\AppData\Local\Programs\MiKTeX\tex/latex/tkz-euclide/drawings\tk
z-draw-eu-circles.tex
2023/10/20 5.03c tkz-obj-eu-draw-circles.tex
)
(C:\Users\teoso\AppData\Local\Programs\MiKTeX\tex/latex/tkz-euclide/drawings\tk
z-draw-eu-ellipses.tex
2023/10/20 5.03c tkz-obj-eu-draw-ellipses.tex
)
(C:\Users\teoso\AppData\Local\Programs\MiKTeX\tex/latex/tkz-euclide/drawings\tk
z-draw-eu-polygons.tex
2023/10/20 5.03c tkz-obj-eu-polygons.tex
)
(C:\Users\teoso\AppData\Local\Programs\MiKTeX\tex/latex/tkz-euclide/drawings\tk
z-draw-eu-angles.tex
2023/10/20 5.03c tkz-tool-eu-angles.tex
)
(C:\Users\teoso\AppData\Local\Programs\MiKTeX\tex/latex/tkz-euclide/drawings\tk
z-draw-eu-sectors.tex
2023/10/20 5.03c tkz-obj-eu-sectors.tex
)
(C:\Users\teoso\AppData\Local\Programs\MiKTeX\tex/latex/tkz-euclide/drawings\tk
z-draw-eu-compass.tex
2023/10/20 5.03c tkz-obj-eu-compass.tex
)
(C:\Users\teoso\AppData\Local\Programs\MiKTeX\tex/latex/tkz-euclide/drawings\tk
z-draw-eu-show.tex
2023/10/20 5.03c tkz-obj-eu-show.tex
)
(C:\Users\teoso\AppData\Local\Programs\MiKTeX\tex/latex/tkz-euclide/drawings\tk
z-draw-eu-protractor.tex
2023/10/20 5.03c tkz-obj-eu-protractor.tex
)) (C:\Users\teoso\AppData\Local\Programs\MiKTeX\tex/latex/tools\calc.sty
Package: calc 2017/05/25 v4.3 Infix arithmetic (KKT,FJ)
\calc@Acount=\count372
\calc@Bcount=\count373
\calc@Adimen=\dimen366
\calc@Bdimen=\dimen367
\calc@Askip=\skip87
\calc@Bskip=\skip88
LaTeX Info: Redefining \setlength on input line 80.
LaTeX Info: Redefining \addtolength on input line 81.
\calc@Ccount=\count374
\calc@Cskip=\skip89
)
(C:\Users\teoso\AppData\Local\Programs\MiKTeX\tex/generic/pgf/frontendlayer/tik
z/libraries\tikzlibrarypatterns.code.tex
File: tikzlibrarypatterns.code.tex 2023-01-15 v3.1.10 (3.1.10)

(C:\Users\teoso\AppData\Local\Programs\MiKTeX\tex/generic/pgf/libraries\pgflibr
arypatterns.code.tex
File: pgflibrarypatterns.code.tex 2023-01-15 v3.1.10 (3.1.10)
))
(C:\Users\teoso\AppData\Local\Programs\MiKTeX\tex/generic/pgf/frontendlayer/tik
z/libraries\tikzlibrarysnakes.code.tex
File: tikzlibrarysnakes.code.tex 2023-01-15 v3.1.10 (3.1.10)


Package pgf Warning: Snakes have been superseded by decorations. Please use the
 decoration libraries instead of the snakes library on input line 14.

)
(C:\Users\teoso\AppData\Local\Programs\MiKTeX\tex/generic/pgf/frontendlayer/tik
z/libraries\tikzlibraryshapes.arrows.code.tex
File: tikzlibraryshapes.arrows.code.tex 2023-01-15 v3.1.10 (3.1.10)

(C:\Users\teoso\AppData\Local\Programs\MiKTeX\tex/generic/pgf/libraries/shapes\
pgflibraryshapes.arrows.code.tex
File: pgflibraryshapes.arrows.code.tex 2023-01-15 v3.1.10 (3.1.10)
))
(C:\Users\teoso\AppData\Local\Programs\MiKTeX\tex/latex/listings\listings.sty
\lst@mode=\count375
\lst@gtempboxa=\box138
\lst@token=\toks64
\lst@length=\count376
\lst@currlwidth=\dimen368
\lst@column=\count377
\lst@pos=\count378
\lst@lostspace=\dimen369
\lst@width=\dimen370
\lst@newlines=\count379
\lst@lineno=\count380
\lst@maxwidth=\dimen371

(C:\Users\teoso\AppData\Local\Programs\MiKTeX\tex/latex/listings\lstmisc.sty
File: lstmisc.sty 2023/02/27 1.9 (Carsten Heinz)
\c@lstnumber=\count381
\lst@skipnumbers=\count382
\lst@framebox=\box139
)
(C:\Users\teoso\AppData\Local\Programs\MiKTeX\tex/latex/listings\listings.cfg
File: listings.cfg 2023/02/27 1.9 listings configuration
))
Package: listings 2023/02/27 1.9 (Carsten Heinz)
(C:\Users\teoso\AppData\Local\Programs\MiKTeX\tex/latex/enumitem\enumitem.sty
Package: enumitem 2019/06/20 v3.9 Customized lists
\labelindent=\skip90
\enit@outerparindent=\dimen372
\enit@toks=\toks65
\enit@inbox=\box140
\enit@count@id=\count383
\enitdp@description=\count384
)
(C:\Users\teoso\AppData\Local\Programs\MiKTeX\tex/latex/psnfss\pifont.sty
Package: pifont 2020/03/25 PSNFSS-v9.3 Pi font support (SPQR) 
LaTeX Font Info:    Trying to load font information for U+pzd on input line 63.


(C:\Users\teoso\AppData\Local\Programs\MiKTeX\tex/latex/psnfss\upzd.fd
File: upzd.fd 2001/06/04 font definitions for U/pzd.
)
LaTeX Font Info:    Trying to load font information for U+psy on input line 64.


(C:\Users\teoso\AppData\Local\Programs\MiKTeX\tex/latex/psnfss\upsy.fd
File: upsy.fd 2001/06/04 font definitions for U/psy.
))
(C:\Users\teoso\AppData\Local\Programs\MiKTeX\tex/latex/bera\berasans.sty
Package: berasans 2004/01/30 (WaS)
)
(C:\Users\teoso\AppData\Local\Programs\MiKTeX\tex/latex/base\fontenc.sty
Package: fontenc 2021/04/29 v2.0v Standard LaTeX package
LaTeX Font Info:    Trying to load font information for T1+fvs on input line 11
2.

(C:\Users\teoso\AppData\Local\Programs\MiKTeX\tex/latex/bera\t1fvs.fd
File: t1fvs.fd 2004/09/07 scalable font definitions for T1/fvs.
)
LaTeX Font Info:    Font shape `T1/fvs/m/n' will be
(Font)              scaled to size 9.85492pt on input line 112.
)
(C:\Users\teoso\AppData\Local\Programs\MiKTeX\tex/latex/listings\lstlang1.sty
File: lstlang1.sty 2023/02/27 1.9 listings language file
)
(C:\Users\teoso\AppData\Local\Programs\MiKTeX\tex/latex/beamer\beamerthemeMadri
d.sty
(C:\Users\teoso\AppData\Local\Programs\MiKTeX\tex/latex/beamer\beamercolortheme
whale.sty)
(C:\Users\teoso\AppData\Local\Programs\MiKTeX\tex/latex/beamer\beamercolortheme
orchid.sty)
(C:\Users\teoso\AppData\Local\Programs\MiKTeX\tex/latex/beamer\beamerinnertheme
rounded.sty)
(C:\Users\teoso\AppData\Local\Programs\MiKTeX\tex/latex/beamer\beameroutertheme
infolines.sty))
(C:\Users\teoso\AppData\Local\Programs\MiKTeX\tex/latex/beamer\beamerfontthemep
rofessionalfonts.sty)
\c@latihan=\count385
\c@teorema=\count386


Package hyperref Warning: Token not allowed in a PDF string (Unicode):
(hyperref)                removing `\\' on input line 113.

(Intro Java.aux)
\openout1 = `"Intro Java.aux"'.

LaTeX Font Info:    Checking defaults for OML/cmm/m/it on input line 119.
LaTeX Font Info:    ... okay on input line 119.
LaTeX Font Info:    Checking defaults for OMS/cmsy/m/n on input line 119.
LaTeX Font Info:    ... okay on input line 119.
LaTeX Font Info:    Checking defaults for OT1/cmr/m/n on input line 119.
LaTeX Font Info:    ... okay on input line 119.
LaTeX Font Info:    Checking defaults for T1/cmr/m/n on input line 119.
LaTeX Font Info:    ... okay on input line 119.
LaTeX Font Info:    Checking defaults for TS1/cmr/m/n on input line 119.
LaTeX Font Info:    ... okay on input line 119.
LaTeX Font Info:    Checking defaults for OMX/cmex/m/n on input line 119.
LaTeX Font Info:    ... okay on input line 119.
LaTeX Font Info:    Checking defaults for U/cmr/m/n on input line 119.
LaTeX Font Info:    ... okay on input line 119.
LaTeX Font Info:    Checking defaults for PD1/pdf/m/n on input line 119.
LaTeX Font Info:    ... okay on input line 119.
LaTeX Font Info:    Checking defaults for PU/pdf/m/n on input line 119.
LaTeX Font Info:    ... okay on input line 119.

*geometry* driver: auto-detecting
*geometry* detected driver: pdftex
*geometry* verbose mode - [ preamble ] result:
* driver: pdftex
* paper: custom
* layout: <same size as paper>
* layoutoffset:(h,v)=(0.0pt,0.0pt)
* modes: includehead includefoot 
* h-part:(L,W,R)=(9.85492pt, 435.53424pt, 9.85492pt)
* v-part:(T,H,B)=(0.0pt, 256.0748pt, 0.0pt)
* \paperwidth=455.24408pt
* \paperheight=256.0748pt
* \textwidth=435.53424pt
* \textheight=227.62207pt
* \oddsidemargin=-62.41507pt
* \evensidemargin=-62.41507pt
* \topmargin=-72.26999pt
* \headheight=14.22636pt
* \headsep=0.0pt
* \topskip=11.0pt
* \footskip=14.22636pt
* \marginparwidth=4.0pt
* \marginparsep=10.0pt
* \columnsep=10.0pt
* \skip\footins=10.0pt plus 4.0pt minus 2.0pt
* \hoffset=0.0pt
* \voffset=0.0pt
* \mag=1000
* \@twocolumnfalse
* \@twosidefalse
* \@mparswitchfalse
* \@reversemarginfalse
* (1in=72.27pt=25.4mm, 1cm=28.453pt)


(C:\Users\teoso\AppData\Local\Programs\MiKTeX\tex/context/base/mkii\supp-pdf.mk
ii
[Loading MPS to PDF converter (version 2006.09.02).]
\scratchcounter=\count387
\scratchdimen=\dimen373
\scratchbox=\box141
\nofMPsegments=\count388
\nofMParguments=\count389
\everyMPshowfont=\toks66
\MPscratchCnt=\count390
\MPscratchDim=\dimen374
\MPnumerator=\count391
\makeMPintoPDFobject=\count392
\everyMPtoPDFconversion=\toks67
)
(C:\Users\teoso\AppData\Local\Programs\MiKTeX\tex/latex/epstopdf-pkg\epstopdf-b
ase.sty
Package: epstopdf-base 2020-01-24 v2.11 Base part for package epstopdf
Package epstopdf-base Info: Redefining graphics rule for `.eps' on input line 4
85.

(C:\Users\teoso\AppData\Local\Programs\MiKTeX\tex/latex/00miktex\epstopdf-sys.c
fg
File: epstopdf-sys.cfg 2021/03/18 v2.0 Configuration of epstopdf for MiKTeX
))
Package hyperref Info: Link coloring OFF on input line 119.
 (Intro Java.out) (Intro Java.out)
\@outlinefile=\write6
\openout6 = `"Intro Java.out"'.


(C:\Users\teoso\AppData\Local\Programs\MiKTeX\tex/latex/translator\translator-b
asic-dictionary-English.dict
Dictionary: translator-basic-dictionary, Language: English 
)
(C:\Users\teoso\AppData\Local\Programs\MiKTeX\tex/latex/translator\translator-b
ibliography-dictionary-English.dict
Dictionary: translator-bibliography-dictionary, Language: English 
)
(C:\Users\teoso\AppData\Local\Programs\MiKTeX\tex/latex/translator\translator-e
nvironment-dictionary-English.dict
Dictionary: translator-environment-dictionary, Language: English 
)
(C:\Users\teoso\AppData\Local\Programs\MiKTeX\tex/latex/translator\translator-m
onths-dictionary-English.dict
Dictionary: translator-months-dictionary, Language: English 
)
(C:\Users\teoso\AppData\Local\Programs\MiKTeX\tex/latex/translator\translator-n
umbers-dictionary-English.dict
Dictionary: translator-numbers-dictionary, Language: English 
)
(C:\Users\teoso\AppData\Local\Programs\MiKTeX\tex/latex/translator\translator-t
heorem-dictionary-English.dict
Dictionary: translator-theorem-dictionary, Language: English 
)
Package caption Info: Begin \AtBeginDocument code.
Package caption Info: listings package is loaded.
Package caption Info: wrapfig package is loaded.
Package caption Info: End \AtBeginDocument code.


Package pgfplots Warning: running in backwards compatibility mode (unsuitable t
ick labels; missing features). Consider writing \pgfplotsset{compat=1.18} into 
your preamble.
 on input line 119.

\c@lstlisting=\count393
(Intro Java.nav)
LaTeX Font Info:    Font shape `T1/fvs/m/n' will be
(Font)              scaled to size 5.39996pt on input line 119.
LaTeX Font Info:    Font shape `T1/fvs/m/n' will be
(Font)              scaled to size 12.9599pt on input line 124.
LaTeX Font Info:    Font shape `T1/fvs/m/n' will be
(Font)              scaled to size 7.19995pt on input line 124.
<C:/Users/teoso/OneDrive/Documents/Asisten Dosen & Lab/Asisten Laboratorium/Alp
ro 1/PPT/Graphicx/M.png, id=38, 2370.8575pt x 2370.8575pt>
File: C:/Users/teoso/OneDrive/Documents/Asisten Dosen & Lab/Asisten Laboratoriu
m/Alpro 1/PPT/Graphicx/M.png Graphic file (type png)
<use C:/Users/teoso/OneDrive/Documents/Asisten Dosen & Lab/Asisten Laboratorium
/Alpro 1/PPT/Graphicx/M.png>
Package pdftex.def Info: C:/Users/teoso/OneDrive/Documents/Asisten Dosen & Lab/
Asisten Laboratorium/Alpro 1/PPT/Graphicx/M.png  used on input line 124.
(pdftex.def)             Requested size: 47.42715pt x 47.42715pt.
LaTeX Font Info:    Trying to load font information for U+msa on input line 124
.

(C:\Users\teoso\AppData\Local\Programs\MiKTeX\tex/latex/amsfonts\umsa.fd
File: umsa.fd 2013/01/14 v3.01 AMS symbols A
)
LaTeX Font Info:    Trying to load font information for U+msb on input line 124
.

(C:\Users\teoso\AppData\Local\Programs\MiKTeX\tex/latex/amsfonts\umsb.fd
File: umsb.fd 2013/01/14 v3.01 AMS symbols B
)
LaTeX Font Info:    Trying to load font information for U+rsfs on input line 12
4.

(C:\Users\teoso\AppData\Local\Programs\MiKTeX\tex/latex/jknappen\ursfs.fd
File: ursfs.fd 1998/03/24 rsfs font definition file (jk)
)
<C:/Users/teoso/OneDrive/Documents/Asisten Dosen & Lab/Asisten Laboratorium/Alp
ro 1/PPT/Graphicx/Provicom.png, id=40, 279.0425pt x 247.17343pt>
File: C:/Users/teoso/OneDrive/Documents/Asisten Dosen & Lab/Asisten Laboratoriu
m/Alpro 1/PPT/Graphicx/Provicom.png Graphic file (type png)
<use C:/Users/teoso/OneDrive/Documents/Asisten Dosen & Lab/Asisten Laboratorium
/Alpro 1/PPT/Graphicx/Provicom.png>
Package pdftex.def Info: C:/Users/teoso/OneDrive/Documents/Asisten Dosen & Lab/
Asisten Laboratorium/Alpro 1/PPT/Graphicx/Provicom.png  used on input line 124.

(pdftex.def)             Requested size: 55.8075pt x 49.4338pt.
<C:/Users/teoso/OneDrive/Documents/Asisten Dosen & Lab/Asisten Laboratorium/Alp
ro 1/PPT/Graphicx/Java bg.jpg, id=41, 1204.5pt x 803.0pt>
File: C:/Users/teoso/OneDrive/Documents/Asisten Dosen & Lab/Asisten Laboratoriu
m/Alpro 1/PPT/Graphicx/Java bg.jpg Graphic file (type jpg)
<use C:/Users/teoso/OneDrive/Documents/Asisten Dosen & Lab/Asisten Laboratorium
/Alpro 1/PPT/Graphicx/Java bg.jpg>
Package pdftex.def Info: C:/Users/teoso/OneDrive/Documents/Asisten Dosen & Lab/
Asisten Laboratorium/Alpro 1/PPT/Graphicx/Java bg.jpg  used on input line 124.
(pdftex.def)             Requested size: 455.24408pt x 303.5013pt.
LaTeX Font Info:    Font shape `T1/fvs/m/n' will be
(Font)              scaled to size 3.59998pt on input line 124.

[1

{C:/Users/teoso/AppData/Local/MiKTeX/fonts/map/pdftex/pdftex.map}{C:/Users/teos
o/AppData/Local/Programs/MiKTeX/fonts/enc/dvips/base/8r.enc} <C:/Users/teoso/On
eDrive/Documents/Asisten Dosen & Lab/Asisten Laboratorium/Alpro 1/PPT/Graphicx/
Java bg.jpg> <C:/Users/teoso/OneDrive/Documents/Asisten Dosen & Lab/Asisten Lab
oratorium/Alpro 1/PPT/Graphicx/M.png> <C:/Users/teoso/OneDrive/Documents/Asiste
n Dosen & Lab/Asisten Laboratorium/Alpro 1/PPT/Graphicx/Provicom.png>]
(Intro Java.toc)
<C:/Users/teoso/OneDrive/Documents/Asisten Dosen & Lab/Asisten Laboratorium/Alp
ro 1/PPT/Graphicx/Java code.jpg, id=81, 770.88pt x 512.91624pt>
File: C:/Users/teoso/OneDrive/Documents/Asisten Dosen & Lab/Asisten Laboratoriu
m/Alpro 1/PPT/Graphicx/Java code.jpg Graphic file (type jpg)
<use C:/Users/teoso/OneDrive/Documents/Asisten Dosen & Lab/Asisten Laboratorium
/Alpro 1/PPT/Graphicx/Java code.jpg>
Package pdftex.def Info: C:/Users/teoso/OneDrive/Documents/Asisten Dosen & Lab/
Asisten Laboratorium/Alpro 1/PPT/Graphicx/Java code.jpg  used on input line 131
.
(pdftex.def)             Requested size: 455.24408pt x 302.89972pt.
 [2

 <C:/Users/teoso/OneDrive/Documents/Asisten Dosen & Lab/Asisten Laboratorium/Al
pro 1/PPT/Graphicx/Java code.jpg>]
LaTeX Font Info:    Font shape `T1/fvs/m/n' will be
(Font)              scaled to size 10.79993pt on input line 145.
<C:/Users/teoso/OneDrive/Documents/Asisten Dosen & Lab/Asisten Laboratorium/Alp
ro 1/PPT/Graphicx/Java logo.png, id=123, 803.0pt x 1472.50125pt>
File: C:/Users/teoso/OneDrive/Documents/Asisten Dosen & Lab/Asisten Laboratoriu
m/Alpro 1/PPT/Graphicx/Java logo.png Graphic file (type png)
<use C:/Users/teoso/OneDrive/Documents/Asisten Dosen & Lab/Asisten Laboratorium
/Alpro 1/PPT/Graphicx/Java logo.png>
Package pdftex.def Info: C:/Users/teoso/OneDrive/Documents/Asisten Dosen & Lab/
Asisten Laboratorium/Alpro 1/PPT/Graphicx/Java logo.png  used on input line 145
.
(pdftex.def)             Requested size: 43.55608pt x 79.85315pt.
LaTeX Font Info:    Font shape `T1/fvs/m/n' will be
(Font)              scaled to size 8.99994pt on input line 145.
<C:/Users/teoso/OneDrive/Documents/Asisten Dosen & Lab/Asisten Laboratorium/Alp
ro 1/PPT/Graphicx/plana class.jpg, id=125, 1084.05pt x 761.84625pt>
File: C:/Users/teoso/OneDrive/Documents/Asisten Dosen & Lab/Asisten Laboratoriu
m/Alpro 1/PPT/Graphicx/plana class.jpg Graphic file (type jpg)
<use C:/Users/teoso/OneDrive/Documents/Asisten Dosen & Lab/Asisten Laboratorium
/Alpro 1/PPT/Graphicx/plana class.jpg>
Package pdftex.def Info: C:/Users/teoso/OneDrive/Documents/Asisten Dosen & Lab/
Asisten Laboratorium/Alpro 1/PPT/Graphicx/plana class.jpg  used on input line 1
45.
(pdftex.def)             Requested size: 455.24408pt x 319.93837pt.
 [3

 <C:/Users/teoso/OneDrive/Documents/Asisten Dosen & Lab/Asisten Laboratorium/Al
pro 1/PPT/Graphicx/plana class.jpg> <C:/Users/teoso/OneDrive/Documents/Asisten 
Dosen & Lab/Asisten Laboratorium/Alpro 1/PPT/Graphicx/Java logo.png>]
LaTeX Font Info:    Font shape `T1/fvs/m/it' will be
(Font)              scaled to size 9.85492pt on input line 157.
LaTeX Font Info:    Font shape `T1/fvs/b/it' will be
(Font)              scaled to size 9.85492pt on input line 157.
File: C:/Users/teoso/OneDrive/Documents/Asisten Dosen & Lab/Asisten Laboratoriu
m/Alpro 1/PPT/Graphicx/plana class.jpg Graphic file (type jpg)
<use C:/Users/teoso/OneDrive/Documents/Asisten Dosen & Lab/Asisten Laboratorium
/Alpro 1/PPT/Graphicx/plana class.jpg>
Package pdftex.def Info: C:/Users/teoso/OneDrive/Documents/Asisten Dosen & Lab/
Asisten Laboratorium/Alpro 1/PPT/Graphicx/plana class.jpg  used on input line 1
57.
(pdftex.def)             Requested size: 455.24408pt x 319.93837pt.
 [4

]
File: C:/Users/teoso/OneDrive/Documents/Asisten Dosen & Lab/Asisten Laboratoriu
m/Alpro 1/PPT/Graphicx/plana class.jpg Graphic file (type jpg)
<use C:/Users/teoso/OneDrive/Documents/Asisten Dosen & Lab/Asisten Laboratorium
/Alpro 1/PPT/Graphicx/plana class.jpg>
Package pdftex.def Info: C:/Users/teoso/OneDrive/Documents/Asisten Dosen & Lab/
Asisten Laboratorium/Alpro 1/PPT/Graphicx/plana class.jpg  used on input line 1
57.
(pdftex.def)             Requested size: 455.24408pt x 319.93837pt.
 [5

]
File: C:/Users/teoso/OneDrive/Documents/Asisten Dosen & Lab/Asisten Laboratoriu
m/Alpro 1/PPT/Graphicx/plana class.jpg Graphic file (type jpg)
<use C:/Users/teoso/OneDrive/Documents/Asisten Dosen & Lab/Asisten Laboratorium
/Alpro 1/PPT/Graphicx/plana class.jpg>
Package pdftex.def Info: C:/Users/teoso/OneDrive/Documents/Asisten Dosen & Lab/
Asisten Laboratorium/Alpro 1/PPT/Graphicx/plana class.jpg  used on input line 1
69.
(pdftex.def)             Requested size: 455.24408pt x 319.93837pt.
 [6

]
<Data Bahasa Pemrograman.jpg, id=298, 215.1293pt x 109.24535pt>
File: Data Bahasa Pemrograman.jpg Graphic file (type jpg)
<use Data Bahasa Pemrograman.jpg>
Package pdftex.def Info: Data Bahasa Pemrograman.jpg  used on input line 179.
(pdftex.def)             Requested size: 304.87263pt x 154.81938pt.
File: C:/Users/teoso/OneDrive/Documents/Asisten Dosen & Lab/Asisten Laboratoriu
m/Alpro 1/PPT/Graphicx/plana class.jpg Graphic file (type jpg)
<use C:/Users/teoso/OneDrive/Documents/Asisten Dosen & Lab/Asisten Laboratorium
/Alpro 1/PPT/Graphicx/plana class.jpg>
Package pdftex.def Info: C:/Users/teoso/OneDrive/Documents/Asisten Dosen & Lab/
Asisten Laboratorium/Alpro 1/PPT/Graphicx/plana class.jpg  used on input line 1
79.
(pdftex.def)             Requested size: 455.24408pt x 319.93837pt.
 [7

 <./Data Bahasa Pemrograman.jpg>]
\openout4 = `"Intro Java.vrb"'.

 (Intro Java.vrb
LaTeX Font Info:    Trying to load font information for T1+cmtt on input line 5
.

(C:\Users\teoso\AppData\Local\Programs\MiKTeX\tex/latex/base\t1cmtt.fd
File: t1cmtt.fd 2023/04/13 v2.5m Standard LaTeX font definitions
))
File: C:/Users/teoso/OneDrive/Documents/Asisten Dosen & Lab/Asisten Laboratoriu
m/Alpro 1/PPT/Graphicx/plana class.jpg Graphic file (type jpg)
<use C:/Users/teoso/OneDrive/Documents/Asisten Dosen & Lab/Asisten Laboratorium
/Alpro 1/PPT/Graphicx/plana class.jpg>
Package pdftex.def Info: C:/Users/teoso/OneDrive/Documents/Asisten Dosen & Lab/
Asisten Laboratorium/Alpro 1/PPT/Graphicx/plana class.jpg  used on input line 1
92.
(pdftex.def)             Requested size: 455.24408pt x 319.93837pt.

[8

] (Intro Java.vrb)
File: C:/Users/teoso/OneDrive/Documents/Asisten Dosen & Lab/Asisten Laboratoriu
m/Alpro 1/PPT/Graphicx/plana class.jpg Graphic file (type jpg)
<use C:/Users/teoso/OneDrive/Documents/Asisten Dosen & Lab/Asisten Laboratorium
/Alpro 1/PPT/Graphicx/plana class.jpg>
Package pdftex.def Info: C:/Users/teoso/OneDrive/Documents/Asisten Dosen & Lab/
Asisten Laboratorium/Alpro 1/PPT/Graphicx/plana class.jpg  used on input line 1
92.
(pdftex.def)             Requested size: 455.24408pt x 319.93837pt.
 [9

]
File: C:/Users/teoso/OneDrive/Documents/Asisten Dosen & Lab/Asisten Laboratoriu
m/Alpro 1/PPT/Graphicx/plana class.jpg Graphic file (type jpg)
<use C:/Users/teoso/OneDrive/Documents/Asisten Dosen & Lab/Asisten Laboratorium
/Alpro 1/PPT/Graphicx/plana class.jpg>
Package pdftex.def Info: C:/Users/teoso/OneDrive/Documents/Asisten Dosen & Lab/
Asisten Laboratorium/Alpro 1/PPT/Graphicx/plana class.jpg  used on input line 2
06.
(pdftex.def)             Requested size: 455.24408pt x 319.93837pt.
 [10

]
\tf@nav=\write7
\openout7 = `"Intro Java.nav"'.

\tf@toc=\write8
\openout8 = `"Intro Java.toc"'.

\tf@snm=\write9
\openout9 = `"Intro Java.snm"'.

 (Intro Java.aux)
 ***********
LaTeX2e <2023-06-01> patch level 1
L3 programming layer <2020/03/25>
 ***********
Package rerunfilecheck Info: File `"Intro Java".out' has not changed.
(rerunfilecheck)             Checksum: 175133A11BE0DC2EC3251EBDBB4300B0;349.
 ) 
Here is how much of TeX's memory you used:
 44514 strings out of 475248
 1059144 string characters out of 5757812
 1957785 words of memory out of 5000000
 65050 multiletter control sequences out of 15000+600000
 611757 words of font info for 78 fonts, out of 8000000 for 9000
 1141 hyphenation exceptions out of 8191
 128i,15n,123p,1314b,1312s stack positions out of 10000i,1000n,20000p,200000b,200000s
 <C:\Users\teoso\AppData\Local\MiKTeX\fonts/pk/ljfour/jknappen/ec/dpi600\ectt
1000.pk><C:/Users/teoso/AppData/Local/Programs/MiKTeX/fonts/type1/public/amsfon
ts/cm/cmsy10.pfb><C:/Users/teoso/AppData/Local/Programs/MiKTeX/fonts/type1/bera
/fvsbo8a.pfb><C:/Users/teoso/AppData/Local/Programs/MiKTeX/fonts/type1/bera/fvs
r8a.pfb><C:/Users/teoso/AppData/Local/Programs/MiKTeX/fonts/type1/bera/fvsro8a.
pfb>
Output written on "Intro Java.pdf" (10 pages, 764669 bytes).
PDF statistics:
 522 PDF objects out of 1000 (max. 8388607)
 24 named destinations out of 1000 (max. 500000)
 546 words of extra memory for PDF output out of 10000 (max. 10000000)

